{"C:\\Users\\Kenshh\\Documents\\project\\project-kelas\\knexfile.ts": {"path":"C:\\Users\\Kenshh\\Documents\\project\\project-kelas\\knexfile.ts","statementMap":{"0":{"start":{"line":6,"column":47},"end":{"line":42,"column":2}},"1":{"start":{"line":44,"column":0},"end":{"line":44,"column":22}}},"fnMap":{},"branchMap":{},"s":{"0":5,"1":5},"f":{},"b":{}}
,"C:\\Users\\Kenshh\\Documents\\project\\project-kelas\\config\\knexInstance.ts": {"path":"C:\\Users\\Kenshh\\Documents\\project\\project-kelas\\config\\knexInstance.ts","statementMap":{"0":{"start":{"line":1,"column":0},"end":{"line":1,"column":24}},"1":{"start":{"line":2,"column":0},"end":{"line":2,"column":33}},"2":{"start":{"line":4,"column":13},"end":{"line":4,"column":53}}},"fnMap":{},"branchMap":{},"s":{"0":2,"1":2,"2":2},"f":{},"b":{}}
,"C:\\Users\\Kenshh\\Documents\\project\\project-kelas\\models\\book-model.ts": {"path":"C:\\Users\\Kenshh\\Documents\\project\\project-kelas\\models\\book-model.ts","statementMap":{"0":{"start":{"line":1,"column":0},"end":{"line":1,"column":47}},"1":{"start":{"line":2,"column":0},"end":{"line":2,"column":49}},"2":{"start":{"line":3,"column":0},"end":{"line":3,"column":45}},"3":{"start":{"line":20,"column":4},"end":{"line":20,"column":19}},"4":{"start":{"line":24,"column":4},"end":{"line":49,"column":6}},"5":{"start":{"line":5,"column":0},"end":{"line":5,"column":13}}},"fnMap":{"0":{"name":"(anonymous_0)","decl":{"start":{"line":19,"column":2},"end":{"line":19,"column":8}},"loc":{"start":{"line":19,"column":22},"end":{"line":21,"column":3}}},"1":{"name":"(anonymous_1)","decl":{"start":{"line":23,"column":2},"end":{"line":23,"column":8}},"loc":{"start":{"line":23,"column":29},"end":{"line":50,"column":3}}}},"branchMap":{},"s":{"0":4,"1":4,"2":4,"3":182,"4":2,"5":4},"f":{"0":182,"1":2},"b":{}}
,"C:\\Users\\Kenshh\\Documents\\project\\project-kelas\\models\\category-model.ts": {"path":"C:\\Users\\Kenshh\\Documents\\project\\project-kelas\\models\\category-model.ts","statementMap":{"0":{"start":{"line":1,"column":0},"end":{"line":1,"column":47}},"1":{"start":{"line":2,"column":0},"end":{"line":2,"column":41}},"2":{"start":{"line":8,"column":4},"end":{"line":8,"column":24}},"3":{"start":{"line":12,"column":4},"end":{"line":25,"column":6}},"4":{"start":{"line":4,"column":0},"end":{"line":4,"column":13}}},"fnMap":{"0":{"name":"(anonymous_0)","decl":{"start":{"line":7,"column":2},"end":{"line":7,"column":8}},"loc":{"start":{"line":7,"column":22},"end":{"line":9,"column":3}}},"1":{"name":"(anonymous_1)","decl":{"start":{"line":11,"column":2},"end":{"line":11,"column":8}},"loc":{"start":{"line":11,"column":29},"end":{"line":26,"column":3}}}},"branchMap":{},"s":{"0":4,"1":4,"2":32,"3":1,"4":4},"f":{"0":32,"1":1},"b":{}}
,"C:\\Users\\Kenshh\\Documents\\project\\project-kelas\\models\\rental-model.ts": {"path":"C:\\Users\\Kenshh\\Documents\\project\\project-kelas\\models\\rental-model.ts","statementMap":{"0":{"start":{"line":1,"column":0},"end":{"line":1,"column":47}},"1":{"start":{"line":2,"column":0},"end":{"line":2,"column":41}},"2":{"start":{"line":3,"column":0},"end":{"line":3,"column":41}},"3":{"start":{"line":14,"column":4},"end":{"line":14,"column":21}},"4":{"start":{"line":18,"column":4},"end":{"line":39,"column":6}},"5":{"start":{"line":5,"column":0},"end":{"line":5,"column":13}}},"fnMap":{"0":{"name":"(anonymous_0)","decl":{"start":{"line":13,"column":2},"end":{"line":13,"column":8}},"loc":{"start":{"line":13,"column":22},"end":{"line":15,"column":3}}},"1":{"name":"(anonymous_1)","decl":{"start":{"line":17,"column":2},"end":{"line":17,"column":8}},"loc":{"start":{"line":17,"column":29},"end":{"line":40,"column":3}}}},"branchMap":{},"s":{"0":4,"1":4,"2":4,"3":53,"4":1,"5":4},"f":{"0":53,"1":1},"b":{}}
,"C:\\Users\\Kenshh\\Documents\\project\\project-kelas\\models\\user-model.ts": {"path":"C:\\Users\\Kenshh\\Documents\\project\\project-kelas\\models\\user-model.ts","statementMap":{"0":{"start":{"line":1,"column":0},"end":{"line":1,"column":45}},"1":{"start":{"line":2,"column":0},"end":{"line":2,"column":47}},"2":{"start":{"line":12,"column":4},"end":{"line":12,"column":19}},"3":{"start":{"line":16,"column":4},"end":{"line":25,"column":6}},"4":{"start":{"line":4,"column":0},"end":{"line":4,"column":13}}},"fnMap":{"0":{"name":"(anonymous_0)","decl":{"start":{"line":11,"column":2},"end":{"line":11,"column":8}},"loc":{"start":{"line":11,"column":22},"end":{"line":13,"column":3}}},"1":{"name":"(anonymous_1)","decl":{"start":{"line":15,"column":2},"end":{"line":15,"column":8}},"loc":{"start":{"line":15,"column":29},"end":{"line":26,"column":3}}}},"branchMap":{},"s":{"0":4,"1":4,"2":71,"3":2,"4":4},"f":{"0":71,"1":2},"b":{}}
,"C:\\Users\\Kenshh\\Documents\\project\\project-kelas\\src\\middlewares\\auth.ts": {"path":"C:\\Users\\Kenshh\\Documents\\project\\project-kelas\\src\\middlewares\\auth.ts","statementMap":{"0":{"start":{"line":3,"column":0},"end":{"line":3,"column":43}},"1":{"start":{"line":13,"column":23},"end":{"line":33,"column":2}},"2":{"start":{"line":17,"column":4},"end":{"line":33,"column":2}},"3":{"start":{"line":18,"column":2},"end":{"line":32,"column":3}},"4":{"start":{"line":19,"column":18},"end":{"line":19,"column":58}},"5":{"start":{"line":21,"column":4},"end":{"line":24,"column":5}},"6":{"start":{"line":22,"column":6},"end":{"line":22,"column":71}},"7":{"start":{"line":23,"column":6},"end":{"line":23,"column":13}},"8":{"start":{"line":26,"column":17},"end":{"line":26,"column":35}},"9":{"start":{"line":27,"column":4},"end":{"line":27,"column":20}},"10":{"start":{"line":29,"column":4},"end":{"line":29,"column":11}},"11":{"start":{"line":31,"column":4},"end":{"line":31,"column":68}},"12":{"start":{"line":35,"column":0},"end":{"line":35,"column":30}}},"fnMap":{"0":{"name":"(anonymous_7)","decl":{"start":{"line":13,"column":23},"end":{"line":13,"column":null}},"loc":{"start":{"line":17,"column":4},"end":{"line":33,"column":2}}},"1":{"name":"(anonymous_8)","decl":{"start":{"line":17,"column":4},"end":{"line":17,"column":null}},"loc":{"start":{"line":17,"column":4},"end":{"line":33,"column":1}}}},"branchMap":{"0":{"loc":{"start":{"line":19,"column":18},"end":{"line":19,"column":58}},"type":"cond-expr","locations":[{"start":{"line":19,"column":43},"end":{"line":19,"column":45}},{"start":{"line":19,"column":43},"end":{"line":19,"column":58}}]},"1":{"loc":{"start":{"line":19,"column":18},"end":{"line":19,"column":45}},"type":"binary-expr","locations":[{"start":{"line":19,"column":18},"end":{"line":19,"column":45}},{"start":{"line":19,"column":43},"end":{"line":19,"column":45}}]},"2":{"loc":{"start":{"line":21,"column":4},"end":{"line":24,"column":5}},"type":"if","locations":[{"start":{"line":21,"column":4},"end":{"line":24,"column":5}}]}},"s":{"0":1,"1":1,"2":3,"3":3,"4":3,"5":3,"6":1,"7":1,"8":2,"9":1,"10":1,"11":1,"12":1},"f":{"0":3,"1":3},"b":{"0":[1,2],"1":[3,3],"2":[1]}}
,"C:\\Users\\Kenshh\\Documents\\project\\project-kelas\\src\\repositories\\book-repository.ts": {"path":"C:\\Users\\Kenshh\\Documents\\project\\project-kelas\\src\\repositories\\book-repository.ts","statementMap":{"0":{"start":{"line":1,"column":0},"end":{"line":1,"column":67}},"1":{"start":{"line":2,"column":0},"end":{"line":2,"column":52}},"2":{"start":{"line":8,"column":4},"end":{"line":11,"column":7}},"3":{"start":{"line":15,"column":4},"end":{"line":17,"column":61}},"4":{"start":{"line":21,"column":4},"end":{"line":23,"column":61}},"5":{"start":{"line":28,"column":4},"end":{"line":28,"column":72}},"6":{"start":{"line":33,"column":4},"end":{"line":33,"column":64}},"7":{"start":{"line":44,"column":4},"end":{"line":44,"column":79}},"8":{"start":{"line":52,"column":4},"end":{"line":52,"column":55}},"9":{"start":{"line":56,"column":4},"end":{"line":56,"column":60}},"10":{"start":{"line":60,"column":4},"end":{"line":60,"column":69}},"11":{"start":{"line":65,"column":4},"end":{"line":65,"column":66}},"12":{"start":{"line":75,"column":4},"end":{"line":75,"column":79}},"13":{"start":{"line":82,"column":4},"end":{"line":86,"column":7}},"14":{"start":{"line":93,"column":4},"end":{"line":97,"column":7}},"15":{"start":{"line":101,"column":23},"end":{"line":101,"column":43}},"16":{"start":{"line":102,"column":9},"end":{"line":102,"column":23}}},"fnMap":{"0":{"name":"(anonymous_7)","decl":{"start":{"line":7,"column":8},"end":{"line":7,"column":33}},"loc":{"start":{"line":7,"column":33},"end":{"line":12,"column":null}}},"1":{"name":"(anonymous_9)","decl":{"start":{"line":14,"column":8},"end":{"line":14,"column":33}},"loc":{"start":{"line":14,"column":44},"end":{"line":18,"column":null}}},"2":{"name":"(anonymous_11)","decl":{"start":{"line":20,"column":8},"end":{"line":20,"column":32}},"loc":{"start":{"line":20,"column":45},"end":{"line":24,"column":null}}},"3":{"name":"(anonymous_13)","decl":{"start":{"line":27,"column":8},"end":{"line":27,"column":27}},"loc":{"start":{"line":27,"column":44},"end":{"line":29,"column":null}}},"4":{"name":"(anonymous_15)","decl":{"start":{"line":32,"column":8},"end":{"line":32,"column":19}},"loc":{"start":{"line":32,"column":35},"end":{"line":34,"column":null}}},"5":{"name":"(anonymous_17)","decl":{"start":{"line":37,"column":8},"end":{"line":37,"column":34}},"loc":{"start":{"line":42,"column":24},"end":{"line":45,"column":null}}},"6":{"name":"(anonymous_19)","decl":{"start":{"line":51,"column":8},"end":{"line":51,"column":20}},"loc":{"start":{"line":51,"column":31},"end":{"line":53,"column":null}}},"7":{"name":"(anonymous_21)","decl":{"start":{"line":55,"column":8},"end":{"line":55,"column":25}},"loc":{"start":{"line":55,"column":36},"end":{"line":57,"column":null}}},"8":{"name":"(anonymous_23)","decl":{"start":{"line":59,"column":8},"end":{"line":59,"column":18}},"loc":{"start":{"line":59,"column":41},"end":{"line":61,"column":null}}},"9":{"name":"(anonymous_25)","decl":{"start":{"line":64,"column":8},"end":{"line":64,"column":34}},"loc":{"start":{"line":64,"column":45},"end":{"line":66,"column":null}}},"10":{"name":"(anonymous_27)","decl":{"start":{"line":69,"column":8},"end":{"line":69,"column":34}},"loc":{"start":{"line":73,"column":7},"end":{"line":76,"column":null}}},"11":{"name":"(anonymous_29)","decl":{"start":{"line":78,"column":8},"end":{"line":78,"column":26}},"loc":{"start":{"line":80,"column":60},"end":{"line":87,"column":null}}},"12":{"name":"(anonymous_31)","decl":{"start":{"line":89,"column":8},"end":{"line":89,"column":23}},"loc":{"start":{"line":91,"column":60},"end":{"line":98,"column":null}}}},"branchMap":{},"s":{"0":1,"1":1,"2":1,"3":1,"4":1,"5":1,"6":2,"7":1,"8":6,"9":4,"10":1,"11":1,"12":1,"13":1,"14":1,"15":1,"16":1},"f":{"0":1,"1":1,"2":1,"3":1,"4":2,"5":1,"6":6,"7":4,"8":1,"9":1,"10":1,"11":1,"12":1},"b":{}}
,"C:\\Users\\Kenshh\\Documents\\project\\project-kelas\\src\\repositories\\category-repository.ts": {"path":"C:\\Users\\Kenshh\\Documents\\project\\project-kelas\\src\\repositories\\category-repository.ts","statementMap":{"0":{"start":{"line":1,"column":0},"end":{"line":1,"column":60}},"1":{"start":{"line":5,"column":4},"end":{"line":5,"column":59}},"2":{"start":{"line":9,"column":27},"end":{"line":9,"column":51}},"3":{"start":{"line":10,"column":9},"end":{"line":10,"column":27}}},"fnMap":{"0":{"name":"(anonymous_7)","decl":{"start":{"line":4,"column":8},"end":{"line":4,"column":33}},"loc":{"start":{"line":4,"column":33},"end":{"line":6,"column":null}}}},"branchMap":{},"s":{"0":1,"1":1,"2":1,"3":1},"f":{"0":1},"b":{}}
,"C:\\Users\\Kenshh\\Documents\\project\\project-kelas\\src\\repositories\\rental-repository.ts": {"path":"C:\\Users\\Kenshh\\Documents\\project\\project-kelas\\src\\repositories\\rental-repository.ts","statementMap":{"0":{"start":{"line":2,"column":0},"end":{"line":2,"column":65}},"1":{"start":{"line":7,"column":4},"end":{"line":28,"column":8}},"2":{"start":{"line":37,"column":4},"end":{"line":42,"column":56}},"3":{"start":{"line":47,"column":4},"end":{"line":47,"column":48}},"4":{"start":{"line":64,"column":4},"end":{"line":64,"column":52}},"5":{"start":{"line":74,"column":4},"end":{"line":74,"column":51}},"6":{"start":{"line":78,"column":4},"end":{"line":78,"column":69}},"7":{"start":{"line":85,"column":4},"end":{"line":90,"column":15}},"8":{"start":{"line":95,"column":4},"end":{"line":95,"column":79}},"9":{"start":{"line":100,"column":4},"end":{"line":104,"column":7}},"10":{"start":{"line":109,"column":4},"end":{"line":109,"column":70}},"11":{"start":{"line":113,"column":4},"end":{"line":113,"column":72}},"12":{"start":{"line":117,"column":25},"end":{"line":117,"column":47}},"13":{"start":{"line":119,"column":9},"end":{"line":119,"column":25}}},"fnMap":{"0":{"name":"(anonymous_7)","decl":{"start":{"line":6,"column":8},"end":{"line":6,"column":24}},"loc":{"start":{"line":6,"column":56},"end":{"line":29,"column":null}}},"1":{"name":"(anonymous_9)","decl":{"start":{"line":36,"column":8},"end":{"line":36,"column":27}},"loc":{"start":{"line":36,"column":61},"end":{"line":43,"column":null}}},"2":{"name":"(anonymous_11)","decl":{"start":{"line":46,"column":8},"end":{"line":46,"column":22}},"loc":{"start":{"line":46,"column":40},"end":{"line":48,"column":null}}},"3":{"name":"(anonymous_13)","decl":{"start":{"line":51,"column":8},"end":{"line":51,"column":20}},"loc":{"start":{"line":62,"column":5},"end":{"line":65,"column":null}}},"4":{"name":"(anonymous_15)","decl":{"start":{"line":67,"column":8},"end":{"line":67,"column":31}},"loc":{"start":{"line":72,"column":20},"end":{"line":75,"column":null}}},"5":{"name":"(anonymous_17)","decl":{"start":{"line":77,"column":8},"end":{"line":77,"column":32}},"loc":{"start":{"line":77,"column":49},"end":{"line":79,"column":null}}},"6":{"name":"(anonymous_19)","decl":{"start":{"line":84,"column":8},"end":{"line":84,"column":27}},"loc":{"start":{"line":84,"column":60},"end":{"line":91,"column":null}}},"7":{"name":"(anonymous_21)","decl":{"start":{"line":94,"column":8},"end":{"line":94,"column":22}},"loc":{"start":{"line":94,"column":39},"end":{"line":96,"column":null}}},"8":{"name":"(anonymous_23)","decl":{"start":{"line":99,"column":8},"end":{"line":99,"column":26}},"loc":{"start":{"line":99,"column":57},"end":{"line":105,"column":null}}},"9":{"name":"(anonymous_25)","decl":{"start":{"line":108,"column":8},"end":{"line":108,"column":24}},"loc":{"start":{"line":108,"column":42},"end":{"line":110,"column":null}}},"10":{"name":"(anonymous_27)","decl":{"start":{"line":112,"column":8},"end":{"line":112,"column":28}},"loc":{"start":{"line":112,"column":45},"end":{"line":114,"column":null}}}},"branchMap":{},"s":{"0":1,"1":1,"2":1,"3":1,"4":2,"5":1,"6":1,"7":1,"8":1,"9":1,"10":1,"11":1,"12":1,"13":1},"f":{"0":1,"1":1,"2":1,"3":2,"4":1,"5":1,"6":1,"7":1,"8":1,"9":1,"10":1},"b":{}}
,"C:\\Users\\Kenshh\\Documents\\project\\project-kelas\\src\\repositories\\user-repository.ts": {"path":"C:\\Users\\Kenshh\\Documents\\project\\project-kelas\\src\\repositories\\user-repository.ts","statementMap":{"0":{"start":{"line":1,"column":0},"end":{"line":1,"column":52}},"1":{"start":{"line":5,"column":4},"end":{"line":5,"column":69}},"2":{"start":{"line":9,"column":4},"end":{"line":11,"column":41}},"3":{"start":{"line":15,"column":17},"end":{"line":15,"column":53}},"4":{"start":{"line":16,"column":4},"end":{"line":18,"column":5}},"5":{"start":{"line":17,"column":6},"end":{"line":17,"column":40}},"6":{"start":{"line":20,"column":4},"end":{"line":20,"column":16}},"7":{"start":{"line":24,"column":17},"end":{"line":24,"column":59}},"8":{"start":{"line":25,"column":4},"end":{"line":27,"column":5}},"9":{"start":{"line":26,"column":6},"end":{"line":26,"column":40}},"10":{"start":{"line":29,"column":4},"end":{"line":29,"column":16}},"11":{"start":{"line":32,"column":4},"end":{"line":32,"column":48}},"12":{"start":{"line":36,"column":4},"end":{"line":36,"column":63}},"13":{"start":{"line":40,"column":4},"end":{"line":40,"column":79}},"14":{"start":{"line":44,"column":4},"end":{"line":44,"column":80}},"15":{"start":{"line":48,"column":23},"end":{"line":48,"column":43}},"16":{"start":{"line":49,"column":9},"end":{"line":49,"column":23}}},"fnMap":{"0":{"name":"(anonymous_7)","decl":{"start":{"line":4,"column":8},"end":{"line":4,"column":19}},"loc":{"start":{"line":4,"column":19},"end":{"line":6,"column":null}}},"1":{"name":"(anonymous_9)","decl":{"start":{"line":8,"column":8},"end":{"line":8,"column":21}},"loc":{"start":{"line":8,"column":34},"end":{"line":12,"column":null}}},"2":{"name":"(anonymous_11)","decl":{"start":{"line":14,"column":8},"end":{"line":14,"column":19}},"loc":{"start":{"line":14,"column":30},"end":{"line":21,"column":null}}},"3":{"name":"(anonymous_13)","decl":{"start":{"line":23,"column":8},"end":{"line":23,"column":22}},"loc":{"start":{"line":23,"column":36},"end":{"line":30,"column":null}}},"4":{"name":"(anonymous_15)","decl":{"start":{"line":31,"column":8},"end":{"line":31,"column":18}},"loc":{"start":{"line":31,"column":34},"end":{"line":33,"column":null}}},"5":{"name":"(anonymous_17)","decl":{"start":{"line":35,"column":8},"end":{"line":35,"column":22}},"loc":{"start":{"line":35,"column":50},"end":{"line":37,"column":null}}},"6":{"name":"(anonymous_19)","decl":{"start":{"line":39,"column":8},"end":{"line":39,"column":26}},"loc":{"start":{"line":39,"column":37},"end":{"line":41,"column":null}}},"7":{"name":"(anonymous_21)","decl":{"start":{"line":43,"column":8},"end":{"line":43,"column":23}},"loc":{"start":{"line":43,"column":34},"end":{"line":45,"column":null}}}},"branchMap":{"0":{"loc":{"start":{"line":16,"column":4},"end":{"line":18,"column":5}},"type":"if","locations":[{"start":{"line":16,"column":4},"end":{"line":18,"column":5}}]},"1":{"loc":{"start":{"line":25,"column":4},"end":{"line":27,"column":5}},"type":"if","locations":[{"start":{"line":25,"column":4},"end":{"line":27,"column":5}}]}},"s":{"0":1,"1":1,"2":1,"3":2,"4":2,"5":1,"6":1,"7":2,"8":2,"9":1,"10":1,"11":1,"12":1,"13":1,"14":1,"15":1,"16":1},"f":{"0":1,"1":1,"2":2,"3":2,"4":1,"5":1,"6":1,"7":1},"b":{"0":[1],"1":[1]}}
,"C:\\Users\\Kenshh\\Documents\\project\\project-kelas\\src\\utils\\bcrypt.ts": {"path":"C:\\Users\\Kenshh\\Documents\\project\\project-kelas\\src\\utils\\bcrypt.ts","statementMap":{"0":{"start":{"line":1,"column":0},"end":{"line":1,"column":30}},"1":{"start":{"line":3,"column":21},"end":{"line":18,"column":2}},"2":{"start":{"line":3,"column":65},"end":{"line":18,"column":2}},"3":{"start":{"line":4,"column":2},"end":{"line":17,"column":5}},"4":{"start":{"line":5,"column":4},"end":{"line":8,"column":5}},"5":{"start":{"line":6,"column":6},"end":{"line":6,"column":55}},"6":{"start":{"line":7,"column":6},"end":{"line":7,"column":13}},"7":{"start":{"line":10,"column":4},"end":{"line":13,"column":5}},"8":{"start":{"line":11,"column":6},"end":{"line":11,"column":56}},"9":{"start":{"line":12,"column":6},"end":{"line":12,"column":13}},"10":{"start":{"line":14,"column":4},"end":{"line":16,"column":7}},"11":{"start":{"line":15,"column":6},"end":{"line":15,"column":22}},"12":{"start":{"line":31,"column":9},"end":{"line":31,"column":21}},"13":{"start":{"line":20,"column":24},"end":{"line":29,"column":2}},"14":{"start":{"line":23,"column":22},"end":{"line":29,"column":2}},"15":{"start":{"line":24,"column":2},"end":{"line":28,"column":5}},"16":{"start":{"line":25,"column":4},"end":{"line":27,"column":7}},"17":{"start":{"line":26,"column":6},"end":{"line":26,"column":22}},"18":{"start":{"line":31,"column":23},"end":{"line":31,"column":38}}},"fnMap":{"0":{"name":"(anonymous_8)","decl":{"start":{"line":3,"column":21},"end":{"line":3,"column":28}},"loc":{"start":{"line":3,"column":65},"end":{"line":18,"column":2}}},"1":{"name":"(anonymous_9)","decl":{"start":{"line":3,"column":65},"end":{"line":3,"column":null}},"loc":{"start":{"line":3,"column":65},"end":{"line":18,"column":1}}},"2":{"name":"(anonymous_10)","decl":{"start":{"line":4,"column":21},"end":{"line":4,"column":22}},"loc":{"start":{"line":4,"column":41},"end":{"line":17,"column":3}}},"3":{"name":"(anonymous_11)","decl":{"start":{"line":14,"column":30},"end":{"line":14,"column":31}},"loc":{"start":{"line":14,"column":46},"end":{"line":16,"column":5}}},"4":{"name":"(anonymous_12)","decl":{"start":{"line":20,"column":24},"end":{"line":20,"column":null}},"loc":{"start":{"line":23,"column":22},"end":{"line":29,"column":2}}},"5":{"name":"(anonymous_13)","decl":{"start":{"line":23,"column":22},"end":{"line":23,"column":null}},"loc":{"start":{"line":23,"column":22},"end":{"line":29,"column":1}}},"6":{"name":"(anonymous_14)","decl":{"start":{"line":24,"column":21},"end":{"line":24,"column":22}},"loc":{"start":{"line":24,"column":41},"end":{"line":28,"column":3}}},"7":{"name":"(anonymous_15)","decl":{"start":{"line":25,"column":35},"end":{"line":25,"column":36}},"loc":{"start":{"line":25,"column":51},"end":{"line":27,"column":5}}}},"branchMap":{"0":{"loc":{"start":{"line":5,"column":4},"end":{"line":8,"column":5}},"type":"if","locations":[{"start":{"line":5,"column":4},"end":{"line":8,"column":5}}]},"1":{"loc":{"start":{"line":10,"column":4},"end":{"line":13,"column":5}},"type":"if","locations":[{"start":{"line":10,"column":4},"end":{"line":13,"column":5}}]}},"s":{"0":1,"1":1,"2":3,"3":3,"4":3,"5":1,"6":1,"7":2,"8":1,"9":1,"10":1,"11":1,"12":1,"13":1,"14":2,"15":2,"16":2,"17":2,"18":1},"f":{"0":3,"1":3,"2":3,"3":1,"4":2,"5":2,"6":2,"7":2},"b":{"0":[1],"1":[1]}}
,"C:\\Users\\Kenshh\\Documents\\project\\project-kelas\\src\\utils\\jwt.ts": {"path":"C:\\Users\\Kenshh\\Documents\\project\\project-kelas\\src\\utils\\jwt.ts","statementMap":{"0":{"start":{"line":1,"column":0},"end":{"line":1,"column":31}},"1":{"start":{"line":2,"column":14},"end":{"line":2,"column":21}},"2":{"start":{"line":3,"column":15},"end":{"line":3,"column":23}},"3":{"start":{"line":5,"column":29},"end":{"line":11,"column":1}},"4":{"start":{"line":6,"column":2},"end":{"line":10,"column":3}},"5":{"start":{"line":7,"column":4},"end":{"line":7,"column":62}},"6":{"start":{"line":9,"column":4},"end":{"line":9,"column":63}},"7":{"start":{"line":5,"column":13},"end":{"line":5,"column":29}},"8":{"start":{"line":13,"column":27},"end":{"line":25,"column":1}},"9":{"start":{"line":14,"column":2},"end":{"line":24,"column":3}},"10":{"start":{"line":15,"column":4},"end":{"line":18,"column":6}},"11":{"start":{"line":20,"column":4},"end":{"line":23,"column":6}},"12":{"start":{"line":13,"column":13},"end":{"line":13,"column":27}}},"fnMap":{"0":{"name":"(anonymous_1)","decl":{"start":{"line":5,"column":29},"end":{"line":5,"column":30}},"loc":{"start":{"line":5,"column":58},"end":{"line":11,"column":1}}},"1":{"name":"(anonymous_2)","decl":{"start":{"line":13,"column":27},"end":{"line":13,"column":28}},"loc":{"start":{"line":13,"column":45},"end":{"line":25,"column":1}}}},"branchMap":{"0":{"loc":{"start":{"line":6,"column":2},"end":{"line":10,"column":3}},"type":"if","locations":[{"start":{"line":6,"column":2},"end":{"line":10,"column":3}},{"start":{"line":8,"column":9},"end":{"line":10,"column":3}}]}},"s":{"0":1,"1":1,"2":1,"3":1,"4":4,"5":2,"6":2,"7":1,"8":1,"9":4,"10":4,"11":2,"12":1},"f":{"0":4,"1":4},"b":{"0":[2,2]}}
}
