TN:
SF:knexfile.ts
FNF:0
FNH:0
DA:6,5
DA:44,5
LF:2
LH:2
BRF:0
BRH:0
end_of_record
TN:
SF:config\knexInstance.ts
FNF:0
FNH:0
DA:1,2
DA:2,2
DA:4,2
LF:3
LH:3
BRF:0
BRH:0
end_of_record
TN:
SF:models\book-model.ts
FN:19,(anonymous_0)
FN:23,(anonymous_1)
FNF:2
FNH:2
FNDA:182,(anonymous_0)
FNDA:2,(anonymous_1)
DA:1,4
DA:2,4
DA:3,4
DA:5,4
DA:20,182
DA:24,2
LF:6
LH:6
BRF:0
BRH:0
end_of_record
TN:
SF:models\category-model.ts
FN:7,(anonymous_0)
FN:11,(anonymous_1)
FNF:2
FNH:2
FNDA:32,(anonymous_0)
FNDA:1,(anonymous_1)
DA:1,4
DA:2,4
DA:4,4
DA:8,32
DA:12,1
LF:5
LH:5
BRF:0
BRH:0
end_of_record
TN:
SF:models\rental-model.ts
FN:13,(anonymous_0)
FN:17,(anonymous_1)
FNF:2
FNH:2
FNDA:53,(anonymous_0)
FNDA:1,(anonymous_1)
DA:1,4
DA:2,4
DA:3,4
DA:5,4
DA:14,53
DA:18,1
LF:6
LH:6
BRF:0
BRH:0
end_of_record
TN:
SF:models\user-model.ts
FN:11,(anonymous_0)
FN:15,(anonymous_1)
FNF:2
FNH:2
FNDA:71,(anonymous_0)
FNDA:2,(anonymous_1)
DA:1,4
DA:2,4
DA:4,4
DA:12,71
DA:16,2
LF:5
LH:5
BRF:0
BRH:0
end_of_record
TN:
SF:src\middlewares\auth.ts
FN:13,(anonymous_7)
FN:17,(anonymous_8)
FNF:2
FNH:2
FNDA:3,(anonymous_7)
FNDA:3,(anonymous_8)
DA:3,1
DA:13,1
DA:17,3
DA:18,3
DA:19,3
DA:21,3
DA:22,1
DA:23,1
DA:26,2
DA:27,1
DA:29,1
DA:31,1
DA:35,1
LF:13
LH:13
BRDA:19,0,0,1
BRDA:19,0,1,2
BRDA:19,1,0,3
BRDA:19,1,1,3
BRDA:21,2,0,1
BRF:5
BRH:5
end_of_record
TN:
SF:src\repositories\book-repository.ts
FN:7,(anonymous_7)
FN:14,(anonymous_9)
FN:20,(anonymous_11)
FN:27,(anonymous_13)
FN:32,(anonymous_15)
FN:37,(anonymous_17)
FN:51,(anonymous_19)
FN:55,(anonymous_21)
FN:59,(anonymous_23)
FN:64,(anonymous_25)
FN:69,(anonymous_27)
FN:78,(anonymous_29)
FN:89,(anonymous_31)
FNF:13
FNH:13
FNDA:1,(anonymous_7)
FNDA:1,(anonymous_9)
FNDA:1,(anonymous_11)
FNDA:1,(anonymous_13)
FNDA:2,(anonymous_15)
FNDA:1,(anonymous_17)
FNDA:6,(anonymous_19)
FNDA:4,(anonymous_21)
FNDA:1,(anonymous_23)
FNDA:1,(anonymous_25)
FNDA:1,(anonymous_27)
FNDA:1,(anonymous_29)
FNDA:1,(anonymous_31)
DA:1,1
DA:2,1
DA:8,1
DA:15,1
DA:21,1
DA:28,1
DA:33,2
DA:44,1
DA:52,6
DA:56,4
DA:60,1
DA:65,1
DA:75,1
DA:82,1
DA:93,1
DA:101,1
DA:102,1
LF:17
LH:17
BRF:0
BRH:0
end_of_record
TN:
SF:src\repositories\category-repository.ts
FN:4,(anonymous_7)
FNF:1
FNH:1
FNDA:1,(anonymous_7)
DA:1,1
DA:5,1
DA:9,1
DA:10,1
LF:4
LH:4
BRF:0
BRH:0
end_of_record
TN:
SF:src\repositories\rental-repository.ts
FN:6,(anonymous_7)
FN:36,(anonymous_9)
FN:46,(anonymous_11)
FN:51,(anonymous_13)
FN:67,(anonymous_15)
FN:77,(anonymous_17)
FN:84,(anonymous_19)
FN:94,(anonymous_21)
FN:99,(anonymous_23)
FN:108,(anonymous_25)
FN:112,(anonymous_27)
FNF:11
FNH:11
FNDA:1,(anonymous_7)
FNDA:1,(anonymous_9)
FNDA:1,(anonymous_11)
FNDA:2,(anonymous_13)
FNDA:1,(anonymous_15)
FNDA:1,(anonymous_17)
FNDA:1,(anonymous_19)
FNDA:1,(anonymous_21)
FNDA:1,(anonymous_23)
FNDA:1,(anonymous_25)
FNDA:1,(anonymous_27)
DA:2,1
DA:7,1
DA:37,1
DA:47,1
DA:64,2
DA:74,1
DA:78,1
DA:85,1
DA:95,1
DA:100,1
DA:109,1
DA:113,1
DA:117,1
DA:119,1
LF:14
LH:14
BRF:0
BRH:0
end_of_record
TN:
SF:src\repositories\user-repository.ts
FN:4,(anonymous_7)
FN:8,(anonymous_9)
FN:14,(anonymous_11)
FN:23,(anonymous_13)
FN:31,(anonymous_15)
FN:35,(anonymous_17)
FN:39,(anonymous_19)
FN:43,(anonymous_21)
FNF:8
FNH:8
FNDA:1,(anonymous_7)
FNDA:1,(anonymous_9)
FNDA:2,(anonymous_11)
FNDA:2,(anonymous_13)
FNDA:1,(anonymous_15)
FNDA:1,(anonymous_17)
FNDA:1,(anonymous_19)
FNDA:1,(anonymous_21)
DA:1,1
DA:5,1
DA:9,1
DA:15,2
DA:16,2
DA:17,1
DA:20,1
DA:24,2
DA:25,2
DA:26,1
DA:29,1
DA:32,1
DA:36,1
DA:40,1
DA:44,1
DA:48,1
DA:49,1
LF:17
LH:17
BRDA:16,0,0,1
BRDA:25,1,0,1
BRF:2
BRH:2
end_of_record
TN:
SF:src\utils\bcrypt.ts
FN:3,(anonymous_8)
FN:3,(anonymous_9)
FN:4,(anonymous_10)
FN:14,(anonymous_11)
FN:20,(anonymous_12)
FN:23,(anonymous_13)
FN:24,(anonymous_14)
FN:25,(anonymous_15)
FNF:8
FNH:8
FNDA:3,(anonymous_8)
FNDA:3,(anonymous_9)
FNDA:3,(anonymous_10)
FNDA:1,(anonymous_11)
FNDA:2,(anonymous_12)
FNDA:2,(anonymous_13)
FNDA:2,(anonymous_14)
FNDA:2,(anonymous_15)
DA:1,1
DA:3,3
DA:4,3
DA:5,3
DA:6,1
DA:7,1
DA:10,2
DA:11,1
DA:12,1
DA:14,1
DA:15,1
DA:20,1
DA:23,2
DA:24,2
DA:25,2
DA:26,2
DA:31,1
LF:17
LH:17
BRDA:5,0,0,1
BRDA:10,1,0,1
BRF:2
BRH:2
end_of_record
TN:
SF:src\utils\jwt.ts
FN:5,(anonymous_1)
FN:13,(anonymous_2)
FNF:2
FNH:2
FNDA:4,(anonymous_1)
FNDA:4,(anonymous_2)
DA:1,1
DA:2,1
DA:3,1
DA:5,1
DA:6,4
DA:7,2
DA:9,2
DA:13,1
DA:14,4
DA:15,4
DA:20,2
LF:11
LH:11
BRDA:6,0,0,2
BRDA:6,0,1,2
BRF:2
BRH:2
end_of_record
